[0mGET /company/allocate [36m304[0m 245.778 ms - -[0m
[0mGET / [36m304[0m 18.347 ms - -[0m
[0mGET / [36m304[0m 71.453 ms - -[0m
[0mGET /job/list [32m200[0m 735.729 ms - 1900166[0m
[0mGET / [36m304[0m 100.196 ms - -[0m
[0mGET /job/list [31m500[0m 871.582 ms - 2082[0m
[0mGET / [36m304[0m 217.548 ms - -[0m
[0mGET /job/list [31m500[0m 931.153 ms - 1974[0m
[0mGET / [36m304[0m 45.950 ms - -[0m
[0mGET /job/list [32m200[0m 549.817 ms - 1900157[0m
[0mGET /job/list [32m200[0m 648.394 ms - 1900432[0m
[0mGET /company/home [36m304[0m 34.041 ms - -[0m
[0mGET /job/list [36m304[0m 545.480 ms - -[0m
[0mGET / [36m304[0m 14.652 ms - -[0m
[0mGET /students/create [32m200[0m 15.345 ms - 6049[0m
[0mPOST /students/create-student [36m302[0m 33.022 ms - 46[0m
[0mGET / [32m200[0m 29.357 ms - 7199[0m
[0mGET /company/home [32m200[0m 11.048 ms - 5815[0m
[0mGET /company/allocate [32m200[0m 19.688 ms - 5157[0m
[0mPOST /company/schedule-interview [36m302[0m 80.435 ms - 70[0m
[0mGET /company/home [32m200[0m 10.601 ms - 6939[0m
[0mGET / [32m200[0m 19.155 ms - 7120[0m
[0mGET / [36m304[0m 149.626 ms - -[0m
[0mGET /job/list [32m200[0m 4205.693 ms - 1878946[0m
[0mGET / [36m304[0m 39.206 ms - -[0m
[0mGET / [36m304[0m 49.943 ms - -[0m
[0mGET / [36m304[0m 11.732 ms - -[0m
[0mGET /users/profile [36m304[0m 10.574 ms - -[0m
[0mGET / [36m304[0m 13.250 ms - -[0m
[0mGET /job/list [36m304[0m 893.822 ms - -[0m
[0mGET /company/home [32m200[0m 13.123 ms - 6751[0m
[0mGET /users/download-csv [32m200[0m 19.673 ms - 281[0m
[0mPOST /company/update-status/64df093f528049415eb4a109 [32m200[0m 87.143 ms - 93[0m
[0mPOST /company/update-status/64dfbb2fc1c4df12311803d7 [32m200[0m 17.477 ms - 93[0m
[0mGET /company/home [32m200[0m 55.351 ms - 6751[0m
[0mPOST /company/update-status/64df093f528049415eb4a109 [32m200[0m 30.128 ms - 93[0m
[0mGET /company/home [32m200[0m 15.688 ms - 6939[0m
[0mPOST /company/update-status/64df093f528049415eb4a109 [32m200[0m 17.441 ms - 93[0m
[0mGET /users/profile [32m200[0m 10.926 ms - 3682[0m
[0mGET / [36m304[0m 9.771 ms - -[0m
[0mGET /company/home [32m200[0m 17.846 ms - 6751[0m
[0mGET /company/home [36m304[0m 102.828 ms - -[0m
[0mGET /company/home [36m304[0m 15.303 ms - -[0m
[0mPOST /company/update-status/64df093f528049415eb4a109 [32m200[0m 38.490 ms - 93[0m
[0mGET /users/profile [32m200[0m 11.223 ms - 3494[0m
[0mGET / [36m304[0m 16.082 ms - -[0m
[0mGET /company/home [32m200[0m 15.851 ms - 6751[0m
[0mGET /company/home [36m304[0m 69.733 ms - -[0m
[0mPOST /company/update-status/64df093f528049415eb4a109 [32m200[0m 27.308 ms - 93[0m
[0mGET / [32m200[0m 18.260 ms - 7308[0m
[0mGET /company/home [36m304[0m 26.823 ms - -[0m
[0mGET /company/home [36m304[0m 45.333 ms - -[0m
[0mGET /company/home [36m304[0m 12.656 ms - -[0m
[0mPOST /company/update-status/64df093f528049415eb4a109 [32m200[0m 30.360 ms - 93[0m
[0mGET /users/profile [36m304[0m 12.456 ms - -[0m
[0mGET / [32m200[0m 15.893 ms - 7120[0m
[0mGET /company/home [36m304[0m 9.423 ms - -[0m
[0mGET /company/home [36m304[0m 56.056 ms - -[0m
[0mPOST /company/update-status/64df093f528049415eb4a109 [32m200[0m 27.164 ms - 93[0m
[0mPOST /company/update-status/64df093f528049415eb4a109 [32m200[0m 23.725 ms - 93[0m
[0mGET /users/profile [36m304[0m 10.141 ms - -[0m
[0mGET / [36m304[0m 15.084 ms - -[0m
[0mGET /company/home [32m200[0m 6.897 ms - 6751[0m
[0mPOST /company/update-status/64dfbb2fc1c4df12311803d7 [32m200[0m 14.646 ms - 93[0m
[0mGET / [36m304[0m 11.218 ms - -[0m
[0mGET /company/home [32m200[0m 7.871 ms - 6751[0m
[0mGET /company/home [36m304[0m 52.840 ms - -[0m
[0mPOST /company/update-status/64df093f528049415eb4a109 [32m200[0m 25.683 ms - 93[0m
[0mGET /users/profile [36m304[0m 10.505 ms - -[0m
[0mGET / [36m304[0m 7.684 ms - -[0m
[0mGET /company/home [36m304[0m 29.900 ms - -[0m
[0mGET /company/allocate [36m304[0m 14.196 ms - -[0m
[0mGET /users/profile [36m304[0m 11.755 ms - -[0m
[0mPOST /users/profile/update/64d74c83ed4ea77e9c561e5d [36m302[0m 373.585 ms - 46[0m
[0mGET / [32m200[0m 13.633 ms - 7304[0m
